<?xml version="1.0" encoding="UTF-8"?>
<!-- Generated by org.testng.reporters.JUnitXMLReporter -->
<testsuite ignored="0" hostname="DESKTOP-GDT649B" failures="0" tests="4" name="Test" time="31.952" errors="0" timestamp="2021-04-25T13:40:14 EDT">
  <testcase classname="Academy.ValidateMenueBar" name="Menu" time="6.506"/>
  <testcase classname="Academy.ValidateTitle" name="Title" time="7.0"/>
  <testcase classname="Academy.HomePage" name="MainPage" time="9.331"/>
  <testcase classname="Academy.HomePage" name="MainPage" time="8.77"/>
</testsuite> <!-- Test -->
